<?xml version="1.0" encoding="UTF-8"?>
<!-- Generated by org.testng.reporters.JUnitReportReporter -->
<testsuite hostname="LAPTOP-1JD29QEN" failures="0" tests="1" name="project.framework.HomePage" time="21.687" errors="0" timestamp="2021-09-03T13:43:57 IST" skipped="0">
  <testcase classname="project.framework.HomePage" name="basePageNavigation" time="21.687"/>
  <system-out/>
</testsuite> <!-- project.framework.HomePage -->
